​ Afghanistan
​ Albania
​ Åland Islands
​ American Samoa
​ Algeria
​ Andorra
​ Angola
​ Anguilla
​ Antigua and Barbuda
​ Antarctica
​ Australia
​ Austria
​ Bahrain
​ Bangladesh
​ Benin
​ Belize
​ Argentina
​ Armenia
​ Bosnia and Herzegovina
​ Aruba
​ Azerbaijan
​ Bahamas
​ Brunei 
​ Bonaire, Sint Eustatius and Saba
​ Belarus
​ Barbados
​ British Indian Ocean Territory
​ Bermuda
​ Belgium
​ Cameroon
​ Bhutan
​ Bolivia
​ Cambodia
​ CAR
​ Botswana
​ Chad
​ Bulgaria
​ Bouvet Island
​ Brazil
​ Cocos (Keeling) Islands
​ Colombia
​ Canada
​ Burkina Faso
​ Burundi
​ Costa Rica
​ Cape Verde
​ Cayman Islands
​ Cook Islands
​ China
​ Curaçao
​ Cyprus
​ Christmas Island
​ Chile
​ Dominican Republic
​ Comoros
​ Congo
​ DRC
​ Dominica
​ Equatorial Guinea
​ Côte d'Ivoire
​ Croatia
​ Cuba
​ Eritrea
​ Czechia
​ Denmark
​ Djibouti
​ Fiji
​ Faroe Islands
​ El Salvador
​ Egypt
​ French Southern Territories
​ French Polynesia
​ Ecuador
​ Ghana
​ Estonia
​ Ethiopia
​ Germany
​ Falkland Islands
​ Finland
​ Grenada
​ France
​ Guadeloupe
​ Gabon
​ French Guiana
​ Guinea
​ Gambia
​ Guinea-Bissau
​ Honduras
​ Gibraltar
​ Georgia
​ Greece
​ Greenland
​ Vatican City
​ Guatemala
​ Indonesia
​ Guernsey
​ India
​ Guam
​ Isle of Man
​ Israel
​ Guyana
​ Hong Kong
​ Haiti
​ Heard Island and McDonald Islands
​ Jersey
​ Hungary
​ Iceland
​ Iran
​ Iraq
​ Ireland
​ Italy
​ Jamaica
​ Japan
​ Korea, Democratic People's Republic of
​ Latvia
​ Liechtenstein
​ Madagascar
​ Malta
​ Mayotte
​ Mongolia
​ Myanmar
​ New Caledonia
​ Niue
​ Jordan
​ S. Korea
​ Lebanon
​ Lithuania
​ Malawi
​ Marshall Islands
​ Kenya
​ Mexico
​ Kyrgyzstan
​ Montenegro
​ Kiribati
​ Liberia
​ Laos
​ Macao
​ Libya
​ Maldives
​ North Macedonia
​ Mauritania
​ Mali
​ Mauritius
​ Namibia
​ Pakistan
​ Moldova
​ New Zealand
​ Morocco
​ Norfolk Island
​ Nepal
​ Paraguay
​ Niger
​ Monaco
​ Mozambique
​ Netherlands
​ Norway
​ Nigeria
​ Portugal
​ Oman
​ Russia
​ Saint Lucia
​ San Marino
​ Palau
​ Seychelles
​ Peru
​ Slovenia
​ Puerto Rico
​ South Sudan
​ Rwanda
​ Svalbard and Jan Mayen
​ Saint Martin
​ Taiwan
​ Sao Tome and Principe
​ Togo
​ Sierra Leone
​ Turkey
​ Solomon Islands
​ Ukraine
​ Spain
​ Uruguay
​ Swaziland
​ British Virgin Islands
​ Tajikistan
​ Tokelau
​ Turkmenistan
​ United Arab Emirates
​ Uzbekistan
​ U.S. Virgin Islands
​ Zimbabwe
​ Kazakhstan
​ Kuwait
​ Lesotho
​ Luxembourg
​ Malaysia
​ Martinique
​ Micronesia, Federated States of
​ Montserrat
​ Nauru
​ Nicaragua
​ Northern Mariana Islands
​ Panama
​ Pitcairn
​ Réunion
​ Saint Helena, Ascension and Tristan da Cunha
​ Saint Vincent Grenadines
​ Senegal
​ Sint Maarten
​ South Africa
​ Sudan
 Switzerland
 Thailand
 Trinidad and Tobago
 Tuvalu
 USA
 Venezuela
 Papua New Guinea
 Poland
 Romania
 Saint Kitts and Nevis
 Samoa
 Serbia
 Slovakia
 South Georgia and the South Sandwich Islands
 Suriname
 Syria
 Timor-Leste
 Tunisia
 Uganda
 United States Minor Outlying Islands
 Vietnam
 Palestine
 Philippines
 Qatar
 Saint Barth
 Saint Pierre Miquelon
 Saudi Arabia
 Singapore
 Somalia
 Sri Lanka
 Sweden
 Tanzania
 Tonga
 Turks and Caicos
 UK
 Vanuatu
 Wallis and Futuna
 Zambia
 Western Sahara
 Yemen
